[2025-10-08T23:27:47.242007+00:00] candid-analytics.INFO: User logged in {"user_id":"272841e0-a579-4a6f-983a-536b5c15e12c"} []
[2025-10-09T18:41:21.961078+00:00] candid-analytics.INFO: User logged in {"user_id":"272841e0-a579-4a6f-983a-536b5c15e12c"} []
[2025-10-09T19:02:47.440903+00:00] candid-analytics.INFO: User logged in {"user_id":"272841e0-a579-4a6f-983a-536b5c15e12c"} []
[2025-10-09T19:03:25.167421+00:00] candid-analytics.INFO: User logged in {"user_id":"272841e0-a579-4a6f-983a-536b5c15e12c"} []
[2025-10-09T19:07:46.689415+00:00] candid-analytics.INFO: User logged in {"user_id":"272841e0-a579-4a6f-983a-536b5c15e12c"} []
[2025-10-09T19:18:43.073354+00:00] candid-analytics.INFO: User logged in {"user_id":"272841e0-a579-4a6f-983a-536b5c15e12c"} []
[2025-10-09T19:19:23.444111+00:00] candid-analytics.INFO: User logged in {"user_id":"272841e0-a579-4a6f-983a-536b5c15e12c"} []
[2025-10-09T19:35:39.152086+00:00] candid-analytics.INFO: User logged in {"user_id":"272841e0-a579-4a6f-983a-536b5c15e12c"} []
[2025-10-09T19:39:19.316634+00:00] candid-analytics.INFO: User logged in {"user_id":"272841e0-a579-4a6f-983a-536b5c15e12c"} []
[2025-10-09T21:08:28.330365+00:00] candid-analytics.INFO: User logged in {"user_id":"272841e0-a579-4a6f-983a-536b5c15e12c"} []
[2025-10-09T21:37:53.568746+00:00] candid-analytics.INFO: User logged in {"user_id":"272841e0-a579-4a6f-983a-536b5c15e12c"} []
[2025-10-09T21:51:23.181969+00:00] candid-analytics.INFO: User logged in {"user_id":"272841e0-a579-4a6f-983a-536b5c15e12c"} []
[2025-10-10T02:42:32.574227+00:00] candid-analytics.INFO: User logged in {"user_id":"272841e0-a579-4a6f-983a-536b5c15e12c"} []
[2025-10-10T02:45:09.248421+00:00] candid-analytics.INFO: User logged in {"user_id":"272841e0-a579-4a6f-983a-536b5c15e12c"} []
[2025-10-10T02:45:27.962074+00:00] candid-analytics.INFO: User logged in {"user_id":"272841e0-a579-4a6f-983a-536b5c15e12c"} []
[2025-10-10T02:47:06.253321+00:00] candid-analytics.INFO: User logged in {"user_id":"272841e0-a579-4a6f-983a-536b5c15e12c"} []
[2025-10-10T02:54:36.309635+00:00] candid-analytics.INFO: User logged in {"user_id":"272841e0-a579-4a6f-983a-536b5c15e12c"} []
[2025-10-10T03:07:57.657753+00:00] candid-analytics.INFO: User logged in {"user_id":"272841e0-a579-4a6f-983a-536b5c15e12c"} []
[2025-10-10T03:35:30.502741+00:00] candid-analytics.INFO: User logged in {"user_id":"272841e0-a579-4a6f-983a-536b5c15e12c"} []
[2025-10-10T03:39:26.944681+00:00] candid-analytics.WARNING: Failed login attempt {"username":"admin"} []
[2025-10-10T03:39:34.295917+00:00] candid-analytics.INFO: User logged in {"user_id":"272841e0-a579-4a6f-983a-536b5c15e12c"} []
[2025-10-10T03:39:34.528351+00:00] candid-analytics.ERROR: Error fetching priority KPIs {"error":"SQLSTATE[42P01]: Undefined table: 7 ERROR:  relation \"mv_priority_kpis\" does not exist\nLINE 1: SELECT * FROM mv_priority_kpis LIMIT 1\n                      ^"} []
[2025-10-10T03:39:35.511206+00:00] candid-analytics.ERROR: Error fetching priority KPIs {"error":"SQLSTATE[42P01]: Undefined table: 7 ERROR:  relation \"mv_priority_kpis\" does not exist\nLINE 1: SELECT * FROM mv_priority_kpis LIMIT 1\n                      ^"} []
[2025-10-10T03:39:48.279213+00:00] candid-analytics.ERROR: Error executing query {"cache_key":"satisfaction:metrics:12","error":"SQLSTATE[HY093]: Invalid parameter number: :months"} []
[2025-10-10T03:39:49.314401+00:00] candid-analytics.ERROR: Error executing query {"cache_key":"satisfaction:metrics:12","error":"SQLSTATE[HY093]: Invalid parameter number: :months"} []
[2025-10-10T03:41:14.070838+00:00] candid-analytics.INFO: User logged in {"user_id":"272841e0-a579-4a6f-983a-536b5c15e12c"} []
[2025-10-10T03:41:14.234660+00:00] candid-analytics.ERROR: Error fetching priority KPIs {"error":"SQLSTATE[42P01]: Undefined table: 7 ERROR:  relation \"mv_priority_kpis\" does not exist\nLINE 1: SELECT * FROM mv_priority_kpis LIMIT 1\n                      ^"} []
[2025-10-10T03:41:15.246438+00:00] candid-analytics.ERROR: Error fetching priority KPIs {"error":"SQLSTATE[42P01]: Undefined table: 7 ERROR:  relation \"mv_priority_kpis\" does not exist\nLINE 1: SELECT * FROM mv_priority_kpis LIMIT 1\n                      ^"} []
[2025-10-10T03:41:46.402398+00:00] candid-analytics.ERROR: Error fetching priority KPIs {"error":"SQLSTATE[42P01]: Undefined table: 7 ERROR:  relation \"mv_priority_kpis\" does not exist\nLINE 1: SELECT * FROM mv_priority_kpis LIMIT 1\n                      ^"} []
[2025-10-10T03:41:47.387017+00:00] candid-analytics.ERROR: Error fetching priority KPIs {"error":"SQLSTATE[42P01]: Undefined table: 7 ERROR:  relation \"mv_priority_kpis\" does not exist\nLINE 1: SELECT * FROM mv_priority_kpis LIMIT 1\n                      ^"} []
[2025-10-10T03:41:50.363740+00:00] candid-analytics.ERROR: Error executing query {"cache_key":"revenue:analytics:12","error":"SQLSTATE[HY093]: Invalid parameter number: :months"} []
[2025-10-10T03:41:51.348421+00:00] candid-analytics.ERROR: Error executing query {"cache_key":"revenue:analytics:12","error":"SQLSTATE[HY093]: Invalid parameter number: :months"} []
[2025-10-10T03:41:58.902874+00:00] candid-analytics.ERROR: Error executing query {"cache_key":"marketing:performance:12","error":"SQLSTATE[HY093]: Invalid parameter number: :months"} []
[2025-10-10T03:42:02.688195+00:00] candid-analytics.ERROR: Error executing query {"cache_key":"marketing:performance:12","error":"SQLSTATE[HY093]: Invalid parameter number: :months"} []
[2025-10-10T03:50:10.957143+00:00] candid-analytics.WARNING: Failed login attempt {"username":"admin"} []
[2025-10-10T03:50:21.979737+00:00] candid-analytics.WARNING: Failed login attempt {"username":"admin"} []
[2025-10-10T03:51:17.623279+00:00] candid-analytics.ERROR: Error fetching priority KPIs {"error":"SQLSTATE[42P01]: Undefined table: 7 ERROR:  relation \"mv_priority_kpis\" does not exist\nLINE 1: SELECT * FROM mv_priority_kpis LIMIT 1\n                      ^"} []
[2025-10-10T03:51:18.881604+00:00] candid-analytics.ERROR: Error fetching priority KPIs {"error":"SQLSTATE[42P01]: Undefined table: 7 ERROR:  relation \"mv_priority_kpis\" does not exist\nLINE 1: SELECT * FROM mv_priority_kpis LIMIT 1\n                      ^"} []
[2025-10-10T03:51:20.299338+00:00] candid-analytics.ERROR: Error executing query {"cache_key":"revenue:analytics:12","error":"SQLSTATE[HY093]: Invalid parameter number: :months"} []
[2025-10-10T03:51:22.279318+00:00] candid-analytics.ERROR: Error executing query {"cache_key":"revenue:analytics:12","error":"SQLSTATE[HY093]: Invalid parameter number: :months"} []
[2025-10-10T03:51:24.655163+00:00] candid-analytics.ERROR: Error executing query {"cache_key":"sales:funnel:12","error":"SQLSTATE[HY093]: Invalid parameter number: :months"} []
[2025-10-10T03:51:25.652068+00:00] candid-analytics.ERROR: Error executing query {"cache_key":"sales:funnel:12","error":"SQLSTATE[HY093]: Invalid parameter number: :months"} []
[2025-10-10T03:51:26.363308+00:00] candid-analytics.ERROR: Error executing query {"cache_key":"operations:efficiency:12","error":"SQLSTATE[HY093]: Invalid parameter number: :months"} []
[2025-10-10T03:51:27.734904+00:00] candid-analytics.ERROR: Error executing query {"cache_key":"operations:efficiency:12","error":"SQLSTATE[HY093]: Invalid parameter number: :months"} []
[2025-10-10T14:18:43.800855+00:00] candid-analytics.INFO: User logged in {"user_id":"272841e0-a579-4a6f-983a-536b5c15e12c"} []
[2025-10-10T14:18:48.227155+00:00] candid-analytics.INFO: Priority KPIs fetched from database {"query_time_ms":1.28} []
[2025-10-10T14:21:45.774626+00:00] candid-analytics.INFO: Priority KPIs served from cache [] []
[2025-10-10T14:21:49.498195+00:00] candid-analytics.INFO: Priority KPIs served from cache [] []
[2025-10-10T14:21:49.500631+00:00] candid-analytics.ERROR: Error executing query {"cache_key":"revenue:analytics:12","error":"SQLSTATE[HY093]: Invalid parameter number: :months"} []
[2025-10-10T14:21:50.645969+00:00] candid-analytics.ERROR: Error executing query {"cache_key":"revenue:analytics:12","error":"SQLSTATE[HY093]: Invalid parameter number: :months"} []
[2025-10-10T14:22:48.852767+00:00] candid-analytics.INFO: User logged in {"user_id":"272841e0-a579-4a6f-983a-536b5c15e12c"} []
[2025-10-10T14:22:49.236495+00:00] candid-analytics.INFO: Priority KPIs served from cache [] []
[2025-10-10T14:23:35.245378+00:00] candid-analytics.INFO: User logged in {"user_id":"272841e0-a579-4a6f-983a-536b5c15e12c"} []
[2025-10-10T14:23:37.978749+00:00] candid-analytics.INFO: Priority KPIs served from cache [] []
[2025-10-10T14:24:01.708665+00:00] candid-analytics.INFO: Priority KPIs fetched from database {"query_time_ms":3.3} []
[2025-10-10T15:09:35.642202+00:00] candid-analytics.INFO: Priority KPIs fetched from database {"query_time_ms":5.92} []
[2025-10-10T15:09:38.807265+00:00] candid-analytics.INFO: Priority KPIs served from cache [] []
[2025-10-10T15:09:40.370804+00:00] candid-analytics.INFO: Priority KPIs served from cache [] []
[2025-10-10T15:14:46.611234+00:00] candid-analytics.INFO: Priority KPIs fetched from database {"query_time_ms":0.85} []
[2025-10-10T15:43:11.274868+00:00] candid-analytics.INFO: User logged in {"user_id":"272841e0-a579-4a6f-983a-536b5c15e12c"} []
[2025-10-10T15:43:12.000919+00:00] candid-analytics.INFO: Priority KPIs fetched from database {"query_time_ms":1.39} []
[2025-10-10T15:43:18.866950+00:00] candid-analytics.ERROR: Error executing query {"cache_key":"revenue:analytics:12","error":"SQLSTATE[HY093]: Invalid parameter number: :months"} []
[2025-10-10T15:43:20.029685+00:00] candid-analytics.ERROR: Error executing query {"cache_key":"revenue:analytics:12","error":"SQLSTATE[HY093]: Invalid parameter number: :months"} []
[2025-10-10T15:44:30.256116+00:00] candid-analytics.INFO: Priority KPIs served from cache [] []
[2025-10-10T15:45:09.943342+00:00] candid-analytics.ERROR: Error fetching AI insights {"error":"SQLSTATE[58P01]: Undefined file: 7 ERROR:  could not access file \"$libdir/vector\": No such file or directory"} []
[2025-10-10T15:45:12.844303+00:00] candid-analytics.ERROR: Error fetching AI insights {"error":"SQLSTATE[58P01]: Undefined file: 7 ERROR:  could not access file \"$libdir/vector\": No such file or directory"} []
